kotlin version: 2.1.20
error message: Incremental compilation failed: Failed to close caches
org.jetbrains.kotlin.incremental.CachesManagerCloseException: Failed to close caches
	at org.jetbrains.kotlin.incremental.BaseCompilationTransaction.closeCachesManager(CompilationTransaction.kt:126)
	at org.jetbrains.kotlin.incremental.RecoverableCompilationTransaction.close(CompilationTransaction.kt:251)
	at org.jetbrains.kotlin.incremental.IncrementalCompilerRunner.tryCompileIncrementally(IncrementalCompilerRunner.kt:762)
	at org.jetbrains.kotlin.incremental.IncrementalCompilerRunner.compile(IncrementalCompilerRunner.kt:128)
	at org.jetbrains.kotlin.daemon.CompileServiceImplBase.execIncrementalCompiler(CompileServiceImpl.kt:678)
	at org.jetbrains.kotlin.daemon.CompileServiceImplBase.access$execIncrementalCompiler(CompileServiceImpl.kt:92)
	at org.jetbrains.kotlin.daemon.CompileServiceImpl.compile(CompileServiceImpl.kt:1805)
	at java.base/jdk.internal.reflect.NativeMethodAccessorImpl.invoke0(Native Method)
	at java.base/jdk.internal.reflect.NativeMethodAccessorImpl.invoke(NativeMethodAccessorImpl.java:62)
	at java.base/jdk.internal.reflect.DelegatingMethodAccessorImpl.invoke(DelegatingMethodAccessorImpl.java:43)
	at java.base/java.lang.reflect.Method.invoke(Method.java:566)
	at java.rmi/sun.rmi.server.UnicastServerRef.dispatch(UnicastServerRef.java:359)
	at java.rmi/sun.rmi.transport.Transport$1.run(Transport.java:200)
	at java.rmi/sun.rmi.transport.Transport$1.run(Transport.java:197)
	at java.base/java.security.AccessController.doPrivileged(Native Method)
	at java.rmi/sun.rmi.transport.Transport.serviceCall(Transport.java:196)
	at java.rmi/sun.rmi.transport.tcp.TCPTransport.handleMessages(TCPTransport.java:562)
	at java.rmi/sun.rmi.transport.tcp.TCPTransport$ConnectionHandler.run0(TCPTransport.java:796)
	at java.rmi/sun.rmi.transport.tcp.TCPTransport$ConnectionHandler.lambda$run$0(TCPTransport.java:677)
	at java.base/java.security.AccessController.doPrivileged(Native Method)
	at java.rmi/sun.rmi.transport.tcp.TCPTransport$ConnectionHandler.run(TCPTransport.java:676)
	at java.base/java.util.concurrent.ThreadPoolExecutor.runWorker(ThreadPoolExecutor.java:1128)
	at java.base/java.util.concurrent.ThreadPoolExecutor$Worker.run(ThreadPoolExecutor.java:628)
	at java.base/java.lang.Thread.run(Thread.java:829)
Caused by: java.lang.AssertionError: java.lang.Exception: Could not close incremental caches in /Users/ejreyme/dev/ktor-starter/server/build/kotlin/compileKotlin/cacheable/caches-jvm/jvm/kotlin: proto.tab, internal-name-to-source.tab
	at org.jetbrains.kotlin.com.google.common.io.Closer.close(Closer.java:218)
	at org.jetbrains.kotlin.incremental.IncrementalCachesManager.close(IncrementalCachesManager.kt:55)
	at org.jetbrains.kotlin.incremental.BaseCompilationTransaction.closeCachesManager(CompilationTransaction.kt:123)
	... 23 more
Caused by: java.lang.Exception: Could not close incremental caches in /Users/ejreyme/dev/ktor-starter/server/build/kotlin/compileKotlin/cacheable/caches-jvm/jvm/kotlin: proto.tab, internal-name-to-source.tab
	at org.jetbrains.kotlin.incremental.storage.BasicMapsOwner.forEachMapSafe(BasicMapsOwner.kt:95)
	at org.jetbrains.kotlin.incremental.storage.BasicMapsOwner.close(BasicMapsOwner.kt:53)
	at org.jetbrains.kotlin.com.google.common.io.Closer.close(Closer.java:205)
	... 25 more
	Suppressed: java.lang.IllegalStateException: Storage for [/Users/ejreyme/dev/ktor-starter/server/build/kotlin/compileKotlin/cacheable/caches-jvm/jvm/kotlin/proto.tab] is already registered
		at org.jetbrains.kotlin.com.intellij.util.io.FilePageCache.registerPagedFileStorage(FilePageCache.java:410)
		at org.jetbrains.kotlin.com.intellij.util.io.PagedFileStorage.<init>(PagedFileStorage.java:72)
		at org.jetbrains.kotlin.com.intellij.util.io.ResizeableMappedFile.<init>(ResizeableMappedFile.java:55)
		at org.jetbrains.kotlin.com.intellij.util.io.PersistentBTreeEnumerator.<init>(PersistentBTreeEnumerator.java:128)
		at org.jetbrains.kotlin.com.intellij.util.io.PersistentEnumerator.createDefaultEnumerator(PersistentEnumerator.java:52)
		at org.jetbrains.kotlin.com.intellij.util.io.PersistentMapImpl.<init>(PersistentMapImpl.java:165)
		at org.jetbrains.kotlin.com.intellij.util.io.PersistentMapImpl.<init>(PersistentMapImpl.java:140)
		at org.jetbrains.kotlin.com.intellij.util.io.PersistentMapBuilder.buildImplementation(PersistentMapBuilder.java:88)
		at org.jetbrains.kotlin.com.intellij.util.io.PersistentMapBuilder.build(PersistentMapBuilder.java:71)
		at org.jetbrains.kotlin.com.intellij.util.io.PersistentHashMap.<init>(PersistentHashMap.java:45)
		at org.jetbrains.kotlin.com.intellij.util.io.PersistentHashMap.<init>(PersistentHashMap.java:71)
		at org.jetbrains.kotlin.incremental.storage.LazyStorage.createMap(LazyStorage.kt:62)
		at org.jetbrains.kotlin.incremental.storage.LazyStorage.getStorageOrCreateNew(LazyStorage.kt:59)
		at org.jetbrains.kotlin.incremental.storage.LazyStorage.set(LazyStorage.kt:80)
		at org.jetbrains.kotlin.incremental.storage.InMemoryStorage.applyChanges(InMemoryStorage.kt:108)
		at org.jetbrains.kotlin.incremental.storage.InMemoryStorage.close(InMemoryStorage.kt:136)
		at org.jetbrains.kotlin.incremental.storage.PersistentStorageWrapper.close(PersistentStorage.kt:124)
		at org.jetbrains.kotlin.incremental.storage.BasicMapsOwner$close$1.invoke(BasicMapsOwner.kt:53)
		at org.jetbrains.kotlin.incremental.storage.BasicMapsOwner$close$1.invoke(BasicMapsOwner.kt:53)
		at org.jetbrains.kotlin.incremental.storage.BasicMapsOwner.forEachMapSafe(BasicMapsOwner.kt:87)
		... 27 more
		Suppressed: java.lang.Exception: Storage[/Users/ejreyme/dev/ktor-starter/server/build/kotlin/compileKotlin/cacheable/caches-jvm/jvm/kotlin/proto.tab] registration stack trace
			at org.jetbrains.kotlin.com.intellij.util.io.FilePageCache.registerPagedFileStorage(FilePageCache.java:437)
			at org.jetbrains.kotlin.com.intellij.util.io.PagedFileStorage.<init>(PagedFileStorage.java:72)
			at org.jetbrains.kotlin.com.intellij.util.io.ResizeableMappedFile.<init>(ResizeableMappedFile.java:55)
			at org.jetbrains.kotlin.com.intellij.util.io.PersistentBTreeEnumerator.<init>(PersistentBTreeEnumerator.java:128)
			at org.jetbrains.kotlin.com.intellij.util.io.PersistentEnumerator.createDefaultEnumerator(PersistentEnumerator.java:52)
			at org.jetbrains.kotlin.com.intellij.util.io.PersistentMapImpl.<init>(PersistentMapImpl.java:165)
			at org.jetbrains.kotlin.com.intellij.util.io.PersistentMapImpl.<init>(PersistentMapImpl.java:140)
			at org.jetbrains.kotlin.com.intellij.util.io.PersistentMapBuilder.buildImplementation(PersistentMapBuilder.java:88)
			at org.jetbrains.kotlin.com.intellij.util.io.PersistentMapBuilder.build(PersistentMapBuilder.java:71)
			at org.jetbrains.kotlin.com.intellij.util.io.PersistentHashMap.<init>(PersistentHashMap.java:45)
			at org.jetbrains.kotlin.com.intellij.util.io.PersistentHashMap.<init>(PersistentHashMap.java:71)
			at org.jetbrains.kotlin.incremental.storage.LazyStorage.createMap(LazyStorage.kt:62)
			at org.jetbrains.kotlin.incremental.storage.LazyStorage.getStorageOrCreateNew(LazyStorage.kt:59)
			at org.jetbrains.kotlin.incremental.storage.LazyStorage.set(LazyStorage.kt:80)
			at org.jetbrains.kotlin.incremental.storage.InMemoryStorage.applyChanges(InMemoryStorage.kt:108)
			at org.jetbrains.kotlin.incremental.storage.InMemoryStorage.close(InMemoryStorage.kt:136)
			at org.jetbrains.kotlin.incremental.storage.PersistentStorageWrapper.close(PersistentStorage.kt:124)
			at org.jetbrains.kotlin.incremental.storage.BasicMapsOwner$close$1.invoke(BasicMapsOwner.kt:53)
			at org.jetbrains.kotlin.incremental.storage.BasicMapsOwner$close$1.invoke(BasicMapsOwner.kt:53)
			at org.jetbrains.kotlin.incremental.storage.BasicMapsOwner.forEachMapSafe(BasicMapsOwner.kt:87)
			at org.jetbrains.kotlin.incremental.storage.BasicMapsOwner.close(BasicMapsOwner.kt:53)
			at org.jetbrains.kotlin.com.google.common.io.Closer.close(Closer.java:205)
			at org.jetbrains.kotlin.incremental.IncrementalCachesManager.close(IncrementalCachesManager.kt:55)
			at kotlin.io.CloseableKt.closeFinally(Closeable.kt:46)
			at org.jetbrains.kotlin.incremental.IncrementalCompilerRunner.compileNonIncrementally(IncrementalCompilerRunner.kt:302)
			at org.jetbrains.kotlin.incremental.IncrementalCompilerRunner.compile(IncrementalCompilerRunner.kt:156)
			... 20 more
	Suppressed: java.lang.IllegalStateException: Storage for [/Users/ejreyme/dev/ktor-starter/server/build/kotlin/compileKotlin/cacheable/caches-jvm/jvm/kotlin/internal-name-to-source.tab] is already registered
		at org.jetbrains.kotlin.com.intellij.util.io.FilePageCache.registerPagedFileStorage(FilePageCache.java:410)
		at org.jetbrains.kotlin.com.intellij.util.io.PagedFileStorage.<init>(PagedFileStorage.java:72)
		at org.jetbrains.kotlin.com.intellij.util.io.ResizeableMappedFile.<init>(ResizeableMappedFile.java:55)
		at org.jetbrains.kotlin.com.intellij.util.io.PersistentBTreeEnumerator.<init>(PersistentBTreeEnumerator.java:128)
		at org.jetbrains.kotlin.com.intellij.util.io.PersistentEnumerator.createDefaultEnumerator(PersistentEnumerator.java:52)
		at org.jetbrains.kotlin.com.intellij.util.io.PersistentMapImpl.<init>(PersistentMapImpl.java:165)
		at org.jetbrains.kotlin.com.intellij.util.io.PersistentMapImpl.<init>(PersistentMapImpl.java:140)
		at org.jetbrains.kotlin.com.intellij.util.io.PersistentMapBuilder.buildImplementation(PersistentMapBuilder.java:88)
		at org.jetbrains.kotlin.com.intellij.util.io.PersistentMapBuilder.build(PersistentMapBuilder.java:71)
		at org.jetbrains.kotlin.com.intellij.util.io.PersistentHashMap.<init>(PersistentHashMap.java:45)
		at org.jetbrains.kotlin.com.intellij.util.io.PersistentHashMap.<init>(PersistentHashMap.java:71)
		at org.jetbrains.kotlin.incremental.storage.LazyStorage.createMap(LazyStorage.kt:62)
		at org.jetbrains.kotlin.incremental.storage.LazyStorage.getStorageOrCreateNew(LazyStorage.kt:59)
		at org.jetbrains.kotlin.incremental.storage.LazyStorage.set(LazyStorage.kt:80)
		at org.jetbrains.kotlin.incremental.storage.InMemoryStorage.applyChanges(InMemoryStorage.kt:108)
		at org.jetbrains.kotlin.incremental.storage.AppendableInMemoryStorage.applyChanges(InMemoryStorage.kt:179)
		at org.jetbrains.kotlin.incremental.storage.InMemoryStorage.close(InMemoryStorage.kt:136)
		at org.jetbrains.kotlin.incremental.storage.PersistentStorageWrapper.close(PersistentStorage.kt:124)
		at org.jetbrains.kotlin.incremental.storage.BasicMapsOwner$close$1.invoke(BasicMapsOwner.kt:53)
		at org.jetbrains.kotlin.incremental.storage.BasicMapsOwner$close$1.invoke(BasicMapsOwner.kt:53)
		at org.jetbrains.kotlin.incremental.storage.BasicMapsOwner.forEachMapSafe(BasicMapsOwner.kt:87)
		... 27 more
		Suppressed: java.lang.Exception: Storage[/Users/ejreyme/dev/ktor-starter/server/build/kotlin/compileKotlin/cacheable/caches-jvm/jvm/kotlin/internal-name-to-source.tab] registration stack trace
			at org.jetbrains.kotlin.com.intellij.util.io.FilePageCache.registerPagedFileStorage(FilePageCache.java:437)
			at org.jetbrains.kotlin.com.intellij.util.io.PagedFileStorage.<init>(PagedFileStorage.java:72)
			at org.jetbrains.kotlin.com.intellij.util.io.ResizeableMappedFile.<init>(ResizeableMappedFile.java:55)
			at org.jetbrains.kotlin.com.intellij.util.io.PersistentBTreeEnumerator.<init>(PersistentBTreeEnumerator.java:128)
			at org.jetbrains.kotlin.com.intellij.util.io.PersistentEnumerator.createDefaultEnumerator(PersistentEnumerator.java:52)
			at org.jetbrains.kotlin.com.intellij.util.io.PersistentMapImpl.<init>(PersistentMapImpl.java:165)
			at org.jetbrains.kotlin.com.intellij.util.io.PersistentMapImpl.<init>(PersistentMapImpl.java:140)
			at org.jetbrains.kotlin.com.intellij.util.io.PersistentMapBuilder.buildImplementation(PersistentMapBuilder.java:88)
			at org.jetbrains.kotlin.com.intellij.util.io.PersistentMapBuilder.build(PersistentMapBuilder.java:71)
			at org.jetbrains.kotlin.com.intellij.util.io.PersistentHashMap.<init>(PersistentHashMap.java:45)
			at org.jetbrains.kotlin.com.intellij.util.io.PersistentHashMap.<init>(PersistentHashMap.java:71)
			at org.jetbrains.kotlin.incremental.storage.LazyStorage.createMap(LazyStorage.kt:62)
			at org.jetbrains.kotlin.incremental.storage.LazyStorage.getStorageOrCreateNew(LazyStorage.kt:59)
			at org.jetbrains.kotlin.incremental.storage.LazyStorage.set(LazyStorage.kt:80)
			at org.jetbrains.kotlin.incremental.storage.InMemoryStorage.applyChanges(InMemoryStorage.kt:108)
			at org.jetbrains.kotlin.incremental.storage.AppendableInMemoryStorage.applyChanges(InMemoryStorage.kt:179)
			at org.jetbrains.kotlin.incremental.storage.InMemoryStorage.close(InMemoryStorage.kt:136)
			at org.jetbrains.kotlin.incremental.storage.PersistentStorageWrapper.close(PersistentStorage.kt:124)
			at org.jetbrains.kotlin.incremental.storage.BasicMapsOwner$close$1.invoke(BasicMapsOwner.kt:53)
			at org.jetbrains.kotlin.incremental.storage.BasicMapsOwner$close$1.invoke(BasicMapsOwner.kt:53)
			at org.jetbrains.kotlin.incremental.storage.BasicMapsOwner.forEachMapSafe(BasicMapsOwner.kt:87)
			at org.jetbrains.kotlin.incremental.storage.BasicMapsOwner.close(BasicMapsOwner.kt:53)
			at org.jetbrains.kotlin.com.google.common.io.Closer.close(Closer.java:205)
			at org.jetbrains.kotlin.incremental.IncrementalCachesManager.close(IncrementalCachesManager.kt:55)
			at kotlin.io.CloseableKt.closeFinally(Closeable.kt:46)
			at org.jetbrains.kotlin.incremental.IncrementalCompilerRunner.compileNonIncrementally(IncrementalCompilerRunner.kt:302)
			at org.jetbrains.kotlin.incremental.IncrementalCompilerRunner.compile(IncrementalCompilerRunner.kt:156)
			... 20 more
	Suppressed: java.lang.Exception: Could not close incremental caches in /Users/ejreyme/dev/ktor-starter/server/build/kotlin/compileKotlin/cacheable/caches-jvm/lookups: file-to-id.tab
		at org.jetbrains.kotlin.incremental.storage.BasicMapsOwner.forEachMapSafe(BasicMapsOwner.kt:95)
		at org.jetbrains.kotlin.incremental.storage.BasicMapsOwner.close(BasicMapsOwner.kt:53)
		at org.jetbrains.kotlin.incremental.LookupStorage.close(LookupStorage.kt:155)
		... 26 more
		Suppressed: java.lang.IllegalStateException: Storage for [/Users/ejreyme/dev/ktor-starter/server/build/kotlin/compileKotlin/cacheable/caches-jvm/lookups/file-to-id.tab] is already registered
			at org.jetbrains.kotlin.com.intellij.util.io.FilePageCache.registerPagedFileStorage(FilePageCache.java:410)
			at org.jetbrains.kotlin.com.intellij.util.io.PagedFileStorage.<init>(PagedFileStorage.java:72)
			at org.jetbrains.kotlin.com.intellij.util.io.ResizeableMappedFile.<init>(ResizeableMappedFile.java:55)
			at org.jetbrains.kotlin.com.intellij.util.io.PersistentBTreeEnumerator.<init>(PersistentBTreeEnumerator.java:128)
			at org.jetbrains.kotlin.com.intellij.util.io.PersistentEnumerator.createDefaultEnumerator(PersistentEnumerator.java:52)
			at org.jetbrains.kotlin.com.intellij.util.io.PersistentMapImpl.<init>(PersistentMapImpl.java:165)
			at org.jetbrains.kotlin.com.intellij.util.io.PersistentMapImpl.<init>(PersistentMapImpl.java:140)
			at org.jetbrains.kotlin.com.intellij.util.io.PersistentMapBuilder.buildImplementation(PersistentMapBuilder.java:88)
			at org.jetbrains.kotlin.com.intellij.util.io.PersistentMapBuilder.build(PersistentMapBuilder.java:71)
			at org.jetbrains.kotlin.com.intellij.util.io.PersistentHashMap.<init>(PersistentHashMap.java:45)
			at org.jetbrains.kotlin.com.intellij.util.io.PersistentHashMap.<init>(PersistentHashMap.java:71)
			at org.jetbrains.kotlin.incremental.storage.LazyStorage.createMap(LazyStorage.kt:62)
			at org.jetbrains.kotlin.incremental.storage.LazyStorage.getStorageOrCreateNew(LazyStorage.kt:59)
			at org.jetbrains.kotlin.incremental.storage.LazyStorage.set(LazyStorage.kt:80)
			at org.jetbrains.kotlin.incremental.storage.InMemoryStorage.applyChanges(InMemoryStorage.kt:108)
			at org.jetbrains.kotlin.incremental.storage.InMemoryStorage.close(InMemoryStorage.kt:136)
			at org.jetbrains.kotlin.incremental.storage.PersistentStorageWrapper.close(PersistentStorage.kt:124)
			at org.jetbrains.kotlin.incremental.storage.BasicMapsOwner$close$1.invoke(BasicMapsOwner.kt:53)
			at org.jetbrains.kotlin.incremental.storage.BasicMapsOwner$close$1.invoke(BasicMapsOwner.kt:53)
			at org.jetbrains.kotlin.incremental.storage.BasicMapsOwner.forEachMapSafe(BasicMapsOwner.kt:87)
			... 28 more
			Suppressed: java.lang.Exception: Storage[/Users/ejreyme/dev/ktor-starter/server/build/kotlin/compileKotlin/cacheable/caches-jvm/lookups/file-to-id.tab] registration stack trace
				at org.jetbrains.kotlin.com.intellij.util.io.FilePageCache.registerPagedFileStorage(FilePageCache.java:437)
				at org.jetbrains.kotlin.com.intellij.util.io.PagedFileStorage.<init>(PagedFileStorage.java:72)
				at org.jetbrains.kotlin.com.intellij.util.io.ResizeableMappedFile.<init>(ResizeableMappedFile.java:55)
				at org.jetbrains.kotlin.com.intellij.util.io.PersistentBTreeEnumerator.<init>(PersistentBTreeEnumerator.java:128)
				at org.jetbrains.kotlin.com.intellij.util.io.PersistentEnumerator.createDefaultEnumerator(PersistentEnumerator.java:52)
				at org.jetbrains.kotlin.com.intellij.util.io.PersistentMapImpl.<init>(PersistentMapImpl.java:165)
				at org.jetbrains.kotlin.com.intellij.util.io.PersistentMapImpl.<init>(PersistentMapImpl.java:140)
				at org.jetbrains.kotlin.com.intellij.util.io.PersistentMapBuilder.buildImplementation(PersistentMapBuilder.java:88)
				at org.jetbrains.kotlin.com.intellij.util.io.PersistentMapBuilder.build(PersistentMapBuilder.java:71)
				at org.jetbrains.kotlin.com.intellij.util.io.PersistentHashMap.<init>(PersistentHashMap.java:45)
				at org.jetbrains.kotlin.com.intellij.util.io.PersistentHashMap.<init>(PersistentHashMap.java:71)
				at org.jetbrains.kotlin.incremental.storage.LazyStorage.createMap(LazyStorage.kt:62)
				at org.jetbrains.kotlin.incremental.storage.LazyStorage.getStorageOrCreateNew(LazyStorage.kt:59)
				at org.jetbrains.kotlin.incremental.storage.LazyStorage.set(LazyStorage.kt:80)
				at org.jetbrains.kotlin.incremental.storage.InMemoryStorage.applyChanges(InMemoryStorage.kt:108)
				at org.jetbrains.kotlin.incremental.storage.InMemoryStorage.close(InMemoryStorage.kt:136)
				at org.jetbrains.kotlin.incremental.storage.PersistentStorageWrapper.close(PersistentStorage.kt:124)
				at org.jetbrains.kotlin.incremental.storage.BasicMapsOwner$close$1.invoke(BasicMapsOwner.kt:53)
				at org.jetbrains.kotlin.incremental.storage.BasicMapsOwner$close$1.invoke(BasicMapsOwner.kt:53)
				at org.jetbrains.kotlin.incremental.storage.BasicMapsOwner.forEachMapSafe(BasicMapsOwner.kt:87)
				at org.jetbrains.kotlin.incremental.storage.BasicMapsOwner.close(BasicMapsOwner.kt:53)
				at org.jetbrains.kotlin.incremental.LookupStorage.close(LookupStorage.kt:155)
				at org.jetbrains.kotlin.com.google.common.io.Closer.close(Closer.java:205)
				at org.jetbrains.kotlin.incremental.IncrementalCachesManager.close(IncrementalCachesManager.kt:55)
				at kotlin.io.CloseableKt.closeFinally(Closeable.kt:46)
				at org.jetbrains.kotlin.incremental.IncrementalCompilerRunner.compileNonIncrementally(IncrementalCompilerRunner.kt:302)
				at org.jetbrains.kotlin.incremental.IncrementalCompilerRunner.compile(IncrementalCompilerRunner.kt:156)
				... 20 more


